find_library: checking for main() in -lcustomlapack... -------------------- no

"gcc -o conftest -I/home/sameer/.rvm/rubies/ruby-2.3.0/include/ruby-2.3.0/i686-linux -I/home/sameer/.rvm/rubies/ruby-2.3.0/include/ruby-2.3.0/ruby/backward -I/home/sameer/.rvm/rubies/ruby-2.3.0/include/ruby-2.3.0 -I../../../../ext/nm_lapacke_atlas -I/home/sameer/github_repos/scratch/ruby_c_exp/nm_lapacke_atlas/ext/nm_lapacke_atlas/include  -D_FILE_OFFSET_BITS=64   -O3 -fno-fast-math -ggdb3 -Wall -Wextra -Wno-unused-parameter -Wno-parentheses -Wno-long-long -Wno-missing-field-initializers -Wunused-variable -Wpointer-arith -Wwrite-strings -Wdeclaration-after-statement -Wimplicit-function-declaration -Wdeprecated-declarations -Wno-packed-bitfield-compat  -fPIC conftest.c  -L. -L/home/sameer/.rvm/rubies/ruby-2.3.0/lib -Wl,-R/home/sameer/.rvm/rubies/ruby-2.3.0/lib -L/home/sameer/.rvm/rubies/ruby-2.3.0/lib -Wl,-R/home/sameer/.rvm/rubies/ruby-2.3.0/lib -L/home/sameer/github_repos/scratch/ruby_c_exp/nm_lapacke_atlas/ext/nm_lapacke_atlas/bin -Wl,-R/home/sameer/github_repos/scratch/ruby_c_exp/nm_lapacke_atlas/ext/nm_lapacke_atlas/bin -L. -fstack-protector -rdynamic -Wl,-export-dynamic     -Wl,-R/home/sameer/.rvm/rubies/ruby-2.3.0/lib -L/home/sameer/.rvm/rubies/ruby-2.3.0/lib -lruby  -lpthread -lgmp -ldl -lcrypt -lm   -lc"
checked program was:
/* begin */
1: #include "ruby.h"
2: 
3: int main(int argc, char **argv)
4: {
5:   return 0;
6: }
/* end */

"gcc -o conftest -I/home/sameer/.rvm/rubies/ruby-2.3.0/include/ruby-2.3.0/i686-linux -I/home/sameer/.rvm/rubies/ruby-2.3.0/include/ruby-2.3.0/ruby/backward -I/home/sameer/.rvm/rubies/ruby-2.3.0/include/ruby-2.3.0 -I../../../../ext/nm_lapacke_atlas -I/home/sameer/github_repos/scratch/ruby_c_exp/nm_lapacke_atlas/ext/nm_lapacke_atlas/include  -D_FILE_OFFSET_BITS=64   -O3 -fno-fast-math -ggdb3 -Wall -Wextra -Wno-unused-parameter -Wno-parentheses -Wno-long-long -Wno-missing-field-initializers -Wunused-variable -Wpointer-arith -Wwrite-strings -Wdeclaration-after-statement -Wimplicit-function-declaration -Wdeprecated-declarations -Wno-packed-bitfield-compat  -fPIC conftest.c  -L. -L/home/sameer/.rvm/rubies/ruby-2.3.0/lib -Wl,-R/home/sameer/.rvm/rubies/ruby-2.3.0/lib -L/home/sameer/.rvm/rubies/ruby-2.3.0/lib -Wl,-R/home/sameer/.rvm/rubies/ruby-2.3.0/lib -L/home/sameer/github_repos/scratch/ruby_c_exp/nm_lapacke_atlas/ext/nm_lapacke_atlas/bin -Wl,-R/home/sameer/github_repos/scratch/ruby_c_exp/nm_lapacke_atlas/ext/nm_lapacke_atlas/bin -L. -fstack-protector -rdynamic -Wl,-export-dynamic     -Wl,-R/home/sameer/.rvm/rubies/ruby-2.3.0/lib -L/home/sameer/.rvm/rubies/ruby-2.3.0/lib -lruby -lcustomlapack  -lpthread -lgmp -ldl -lcrypt -lm   -lc"
/usr/bin/ld: cannot find -lcustomlapack
collect2: error: ld returned 1 exit status
checked program was:
/* begin */
 1: #include "ruby.h"
 2: 
 3: /*top*/
 4: extern int t(void);
 5: int main(int argc, char **argv)
 6: {
 7:   if (argc > 1000000) {
 8:     printf("%p", &t);
 9:   }
10: 
11:   return 0;
12: }
13: int t(void) { void ((*volatile p)()); p = (void ((*)()))main; return !p; }
/* end */

"gcc -o conftest -I/home/sameer/.rvm/rubies/ruby-2.3.0/include/ruby-2.3.0/i686-linux -I/home/sameer/.rvm/rubies/ruby-2.3.0/include/ruby-2.3.0/ruby/backward -I/home/sameer/.rvm/rubies/ruby-2.3.0/include/ruby-2.3.0 -I../../../../ext/nm_lapacke_atlas -I/home/sameer/github_repos/scratch/ruby_c_exp/nm_lapacke_atlas/ext/nm_lapacke_atlas/include  -D_FILE_OFFSET_BITS=64   -O3 -fno-fast-math -ggdb3 -Wall -Wextra -Wno-unused-parameter -Wno-parentheses -Wno-long-long -Wno-missing-field-initializers -Wunused-variable -Wpointer-arith -Wwrite-strings -Wdeclaration-after-statement -Wimplicit-function-declaration -Wdeprecated-declarations -Wno-packed-bitfield-compat  -fPIC conftest.c  -L. -L/home/sameer/.rvm/rubies/ruby-2.3.0/lib -Wl,-R/home/sameer/.rvm/rubies/ruby-2.3.0/lib -L/home/sameer/.rvm/rubies/ruby-2.3.0/lib -Wl,-R/home/sameer/.rvm/rubies/ruby-2.3.0/lib -L/home/sameer/github_repos/scratch/ruby_c_exp/nm_lapacke_atlas/ext/nm_lapacke_atlas/bin -Wl,-R/home/sameer/github_repos/scratch/ruby_c_exp/nm_lapacke_atlas/ext/nm_lapacke_atlas/bin -L. -fstack-protector -rdynamic -Wl,-export-dynamic     -Wl,-R/home/sameer/.rvm/rubies/ruby-2.3.0/lib -L/home/sameer/.rvm/rubies/ruby-2.3.0/lib -lruby -lcustomlapack  -lpthread -lgmp -ldl -lcrypt -lm   -lc"
conftest.c:13:13: error: conflicting types for ‘main’
 extern void main();
             ^
conftest.c:5:5: note: previous definition of ‘main’ was here
 int main(int argc, char **argv)
     ^
checked program was:
/* begin */
 1: #include "ruby.h"
 2: 
 3: /*top*/
 4: extern int t(void);
 5: int main(int argc, char **argv)
 6: {
 7:   if (argc > 1000000) {
 8:     printf("%p", &t);
 9:   }
10: 
11:   return 0;
12: }
13: extern void main();
14: int t(void) { main(); return 0; }
/* end */

--------------------

